2025-06-11 00:23:33,045 - INFO - Extracted text: © TRAKTOR PRO

Hi =< i
FX 1- Delay v @ Cc Cc OMs SNAP
¢ QUANT 143
p/w FILTER FEEDB RATE el ne
i OFF RST FRZ SPR LINK AUTO
XXX For You (Original Mix) -04:34 143.00 A ! '
RUIZ OSC1 04:34 +0.0% GAIN @ H @
TID: 003 Suara 143.00 =
1 L
SYNC MASTER
~FLTA @ || MD @
I
————— He
FX Lo @

KEY @
| og CUE CUP FLX REV 3| es 4 8 > IN OUT ACTIVE od oO
a 2 3 4 5 6 7 8 1OVE 1
CUE
<> 1.0:0.0 + AutoGrid ~ Grid Wo0oMaPsoSTORE— GRID

PAN

2025-06-11 00:23:33,045 - INFO - Found TIDs: ['003'], using most recent: 003
2025-06-11 00:23:33,045 - INFO - Successfully wrote TID: 003
2025-06-11 00:23:45,733 - INFO - Extracted text: @ = Traktor View Help

© TRAKTOR PRO @® 4 is
FX 1: ay . é é é OMs SNAP
¢ QUANT 143
Diw FILTER FEEDB  AATE 11 =
i OFF RST FRZ SPR LINK AUTO
LachrymaL - Horizon -04:41 143.00 A ! '
04:41 +0.0% GAIN @ Hl @
TID: 002 143.00 .
' I
SYNC MASTER ll
» FLTA @ MID @
I
a i 2 |
FX Lo @
, I
| og CUE CUP FLX REV < 2 4 8 > IN OUT ACTIVE a oO

CUE
< > 10:0.2 ~ AutoGrid MAP = STORE PAN

4
-)
2
a}

2025-06-11 00:23:45,734 - INFO - Found TIDs: ['002'], using most recent: 002
2025-06-11 00:23:45,734 - INFO - Successfully wrote TID: 002
2025-06-11 00:24:02,466 - INFO - Extracted text: @ = Traktor View Help

© TRAKTOR PRO @ Ho ke
Fx 1- Delay v @ Cc Cc OMs SNAP
#
DW FILTER FEEDB RATE | I ete 143
i OFF RST FRZ SPR UNK AUTO
nua Retroflect (Original Mix) ! '
% | Sell GAIN @ Hl @
eon 7 I
SYNC MASTER
_ - || ~ FLTA @ MD @
Hl Ah . uth Ih FX Lo @
L 1
> CUE CUP FLX REV < 2 4 8 > IN OUT ACTIVE « (?)
2 3 4 5 6 7 8 1
CUE
‘ > 10:0.1 » AutoGrid » Grid Wo oaP_ssTORE PAN

2025-06-11 00:24:02,466 - WARNING - No TID found on attempt 1
2025-06-11 00:24:03,617 - INFO - Extracted text: @ = Traktor View Help

© TRAKTOR PRO @ Ho ke
Fx 1- Delay v @ Cc Cc OMs SNAP
#
DW FILTER FEEDB RATE | I ete 143
i OFF RST FRZ SPR UNK AUTO
nua Retroflect (Original Mix) ! '
% | Sell GAIN @ Hl @
eon 7 I
SYNC MASTER
_ - || ~ FLTA @ MD @
Hl Ah . uth Ih FX Lo @
L 1
> CUE CUP FLX REV < 2 4 8 > IN OUT ACTIVE « (?)
2 3 4 5 6 7 8 1
CUE
‘ > 10:0.1 » AutoGrid » Grid Wo oaP_ssTORE PAN

2025-06-11 00:24:03,617 - WARNING - No TID found on attempt 2
2025-06-11 00:24:04,771 - INFO - Extracted text: @ = Traktor View Help

© TRAKTOR PRO @ Ho ke
Fx 1- Delay v @ Cc Cc OMs SNAP
#
DW FILTER FEEDB RATE | I ete 143
i OFF RST FRZ SPR UNK AUTO
nua Retroflect (Original Mix) ! '
% | Sell GAIN @ Hl @
eon 7 I
SYNC MASTER
_ - || ~ FLTA @ MD @
Hl Ah . uth Ih FX Lo @
L 1
> CUE CUP FLX REV < 2 4 8 > IN OUT ACTIVE « (?)
2 3 4 5 6 7 8 1
CUE
‘ > 10:0.1 » AutoGrid » Grid Wo oaP_ssTORE PAN

2025-06-11 00:24:04,771 - WARNING - No TID found on attempt 3
2025-06-11 00:24:04,771 - ERROR - Failed to detect TID after all retries
2025-06-11 00:24:17,142 - INFO - Extracted text: © TRAKTOR PRO @ HH 4 iz

FX 1 D> Delay -Taveyé

ow FILTER FEEDB RATE

i OFF RST FRZ SPR
: m@ Retroflect (Original Mix) -05:26 142.00
= | BobSemp 05:26 +0.0%
$. | TID: 001 TUTU 142.00

SYNC MASTER ll

| og CUE CUP FLX REV 3| es 4 8 > IN OUT ACTIVE
<> 41.0:0.1 ~ AutoGrid ~ Grid omar STORE

O Ms

II

~

CUE

SNAP

QUANT

LINK

~ FLTR @

FX

PAN

143
AUTO


2025-06-11 00:24:17,143 - INFO - Found TIDs: ['001'], using most recent: 001
2025-06-11 00:24:17,144 - INFO - Successfully wrote TID: 001
2025-06-11 00:25:28,182 - INFO - Extracted text: @ = Traktor View Help

© TRAKTOR PRO 1; ne
FX 1: ay . é é é OMs SNAP
¢ QUANT 143
Diw FILTER FEEDB  AATE 11 =
i OFF RST FRZ SPR LINK AUTO
LachrymaL - Horizon -04:41 143.00 A ! '
04:41 +0.0% GAIN @ Hl @
TID: 002 143.00 .
' I
SYNC MASTER ll
» FLTA @ MID @
I
a i 2 |
FX Lo @
, I
| og CUE CUP FLX REV < 2 4 8 > IN OUT ACTIVE a oO

CUE
< > 10:0.2 ~ AutoGrid MAP = STORE PAN

4
-)
2
a}

2025-06-11 00:25:28,182 - INFO - Found TIDs: ['002'], using most recent: 002
2025-06-11 00:25:28,183 - INFO - Successfully wrote TID: 002
2025-06-11 00:30:37,768 - INFO - Extracted text: © TRAKTOR PRO

@ m4 es
FX 1- Delay v @ Cc Cc OMs SNAP
~ QUANT 143
DW FILTER FEEDB RATE | ii] Lt
i OFF RST| FRZ | SPR LINK AUTO
LachrymaL - Horizon -04:41 143.00 A ! '
04:41 +0.0% GAIN @ H ©
TID: 002 143.00 .
i I
SYNC MASTER I
»~ FLTR @ MID @
I
———z—— Hea
FX Lo @

KEY @
> CUE CUP FLX REV < 2 4 8 > IN OUT ACTIVE « (?)
CUE
‘ > 10:0.2 ~ AutoGrid » Grid Wo oaP_ssTORE

2025-06-11 00:30:37,769 - INFO - Found TIDs: ['002'], using most recent: 002
2025-06-11 00:30:37,770 - INFO - Successfully wrote TID: 002
2025-06-11 00:31:10,136 - INFO - Extracted text: © TRAKTOR PRO

i 4 ise
FX 1- Delay v @ Cc Cc OMs SNAP
~ QUANT 143
DW FILTER FEEDB RATE | ii] Lt
i OFF RST| FRZ | SPR LINK AUTO
LachrymaL - Horizon -04:41 143.00 A ! '
04:41 +0.0% GAIN @ H ©
TID: 002 143.00 .
i I
SYNC MASTER I
»~ FLTR @ MID @
I
———z—— Hea
FX Lo @

KEY @
> CUE CUP FLX REV < 2 4 8 > IN OUT ACTIVE « (?)
CUE
‘ > 10:0.2 ~ AutoGrid » Grid Wo oaP_ssTORE

2025-06-11 00:31:10,137 - INFO - Found TIDs: ['002'], using most recent: 002
2025-06-11 00:31:10,137 - INFO - Successfully wrote TID: 002
2025-06-11 00:33:54,801 - INFO - Extracted text: @ = Traktor View Help

© TRAKTOR PRO @® 4 ke
Fx 1- Delay v @ Cc Cc OMs SNAP
#
DW FILTER FEEDB RATE | I ete 143
i OFF RST FRZ SPR UNK AUTO
nua Retroflect (Original Mix) ! '
% | Sell GAIN @ Hl @
eon 7 I
SYNC MASTER
_ ; ~ FLTA @ MD @
Hl Ah ail HH, a FX Lo @
L 1
> CUE CUP FLX REV < 2 4 8 > IN OUT ACTIVE « (?)
2 3 4 5 6 7 8 1
CUE
‘ > 10:0.1 » AutoGrid » Grid Wo oaP_ssTORE PAN

2025-06-11 00:33:54,801 - WARNING - No TID found on attempt 1
2025-06-11 00:33:55,958 - INFO - Extracted text: @ = Traktor View Help

© TRAKTOR PRO @® 4 ke
Fx 1- Delay v @ Cc Cc OMs SNAP
#
DW FILTER FEEDB RATE | I ete 143
i OFF RST FRZ SPR UNK AUTO
nua Retroflect (Original Mix) ! '
% | Sell GAIN @ Hl @
eon 7 I
SYNC MASTER
_ ; ~ FLTA @ MD @
Hl Ah ail HH, a FX Lo @
L 1
> CUE CUP FLX REV < 2 4 8 > IN OUT ACTIVE « (?)
2 3 4 5 6 7 8 1
CUE
‘ > 10:0.1 » AutoGrid » Grid Wo oaP_ssTORE PAN

2025-06-11 00:33:55,958 - WARNING - No TID found on attempt 2
2025-06-11 00:33:57,105 - INFO - Extracted text: @ = Traktor View Help

© TRAKTOR PRO @® 4 ke
Fx 1- Delay v @ Cc Cc OMs SNAP
#
DW FILTER FEEDB RATE | I ete 143
i OFF RST FRZ SPR UNK AUTO
nua Retroflect (Original Mix) ! '
% | Sell GAIN @ Hl @
eon 7 I
SYNC MASTER
_ ; ~ FLTA @ MD @
Hl Ah ail HH, a FX Lo @
L 1
> CUE CUP FLX REV < 2 4 8 > IN OUT ACTIVE « (?)
2 3 4 5 6 7 8 1
CUE
‘ > 10:0.1 » AutoGrid » Grid Wo oaP_ssTORE PAN

2025-06-11 00:33:57,105 - WARNING - No TID found on attempt 3
2025-06-11 00:33:57,105 - ERROR - Failed to detect TID after all retries
2025-06-11 00:34:24,660 - INFO - Extracted text: @ = Traktor View Help

© TRAKTOR PRO @ Hie
FX 1: ay . é é é OMs SNAP
¢ QUANT 143
Diw FILTER FEEDB  AATE 11 =
i OFF RST FRZ SPR LINK AUTO
LachrymaL - Horizon -04:41 143.00 A ! '
04:41 +0.0% GAIN @ Hl @
TID: 002 143.00 .
' I
SYNC MASTER ll
» FLTA @ MID @
I
————— =c— HH
FX Lo @
, I
| og CUE CUP FLX REV < 2 4 8 > IN OUT ACTIVE oe oO

CUE
< > 10:0.2 ~ AutoGrid ~ Grid MAP = STORE PAN

a)

2025-06-11 00:34:24,661 - INFO - Found TIDs: ['002'], using most recent: 002
2025-06-11 00:34:24,662 - INFO - Successfully wrote TID: 002
2025-06-11 00:34:33,881 - INFO - Extracted text: @ = Traktor View Help

© TRAKTOR PRO et ee
FX 1- Delay v @ Cc Cc OMs SNAP
¢ QUANT 143
p/w FILTER FEEDB RATE e|1 ne
i OFF RST FRZ SPR LINK AUTO
XXX For You (Original Mix) -04:34 143.00 A ! '
RUIZ OSC1 04:34 +0.0% GAIN @ H @
TID: 003 Suara 143.00 =
1 L
SYNC MASTER
~FLTA @ || MD @
I
————— He
FX Lo @

> CUE CUP FLX REV < 2 4 8 > IN QUT ACTIVE “~ (?)
= CUE
< > 10:0.0 ~ AutoGrid ~ Grid uw MAP = STORE GRID PAN

2025-06-11 00:34:33,881 - INFO - Found TIDs: ['003'], using most recent: 003
2025-06-11 00:34:33,882 - INFO - Successfully wrote TID: 003
2025-06-11 00:40:53,514 - INFO - Extracted text: © TRAKTOR PRO

i 4 ise
FX 1- Delay v @ Cc Cc OMs SNAP
~ QUANT 143
DW FILTER FEEDB RATE | ii] Lt
i OFF RST| FRZ | SPR LINK AUTO
LachrymaL - Horizon -04:41 143.00 A ! '
04:41 +0.0% GAIN @ H ©
TID: 002 143.00 .
i I
SYNC MASTER I
»~ FLTR @ MID @
I
———z—— Hea
FX Lo @

KEY @
> CUE CUP FLX REV < 2 4 8 > IN OUT ACTIVE « (?)
CUE
‘ > 10:0.2 ~ AutoGrid » Grid Wo oaP_ssTORE

2025-06-11 00:40:53,515 - INFO - Found TIDs: ['002'], using most recent: 002
2025-06-11 00:40:53,515 - INFO - Successfully wrote TID: 002
2025-06-11 00:43:47,369 - INFO - Extracted text: © TRAKTOR PRO

i 4 ise
FX 1- Delay v @ Cc Cc OMs SNAP
~ QUANT 143
DW FILTER FEEDB RATE | ii] Lt
i OFF RST| FRZ | SPR LINK AUTO
LachrymaL - Horizon -04:41 143.00 A ! '
04:41 +0.0% GAIN @ H ©
TID: 002 143.00 .
i I
SYNC MASTER I
»~ FLTR @ MID @
I
———z—— Hea
FX Lo @

KEY @
> CUE CUP FLX REV < 2 4 8 > IN OUT ACTIVE « (?)
CUE
‘ > 10:0.2 ~ AutoGrid » Grid Wo oaP_ssTORE

2025-06-11 00:43:47,370 - INFO - Found TIDs: ['002'], using most recent: 002
2025-06-11 00:43:47,370 - INFO - Successfully wrote TID: 002
2025-06-11 00:44:00,671 - INFO - Extracted text: @ = Traktor View Help

© TRAKTOR PRO @® 4 ke
Fx 1- Delay v @ Cc Cc OMs SNAP
#
DW FILTER FEEDB RATE | I ete 143
i OFF RST FRZ SPR UNK AUTO
nua Retroflect (Original Mix) ! '
% | Sell GAIN @ Hl @
eon 7 I
SYNC MASTER
a _ || ~ FLTA @ MD @
———— i . Hea
ON ipa ‘ ut hh FX Lo @
L 1
> CUE CUP FLX REV < 2 4 8 > IN OUT ACTIVE « (?)
2 3 4 5 6 7 8 1
CUE
‘ > 10:0.1 » AutoGrid » Grid Wo oaP_ssTORE PAN

2025-06-11 00:44:00,671 - WARNING - No TID found on attempt 1
2025-06-11 00:44:01,851 - INFO - Extracted text: @ = Traktor View Help

© TRAKTOR PRO @® 4 ke
Fx 1- Delay v @ Cc Cc OMs SNAP
#
DW FILTER FEEDB RATE | I ete 143
i OFF RST FRZ SPR UNK AUTO
nua Retroflect (Original Mix) ! '
% | Sell GAIN @ Hl @
eon 7 I
SYNC MASTER
a _ || ~ FLTA @ MD @
———— i . Hea
ON ipa ‘ ut hh FX Lo @
L 1
> CUE CUP FLX REV < 2 4 8 > IN OUT ACTIVE « (?)
2 3 4 5 6 7 8 1
CUE
‘ > 10:0.1 » AutoGrid » Grid Wo oaP_ssTORE PAN

2025-06-11 00:44:01,851 - WARNING - No TID found on attempt 2
2025-06-11 00:44:03,038 - INFO - Extracted text: @ = Traktor View Help

© TRAKTOR PRO @® 4 ke
Fx 1- Delay v @ Cc Cc OMs SNAP
#
DW FILTER FEEDB RATE | I ete 143
i OFF RST FRZ SPR UNK AUTO
nua Retroflect (Original Mix) ! '
% | Sell GAIN @ Hl @
eon 7 I
SYNC MASTER
a _ || ~ FLTA @ MD @
———— i . Hea
ON ipa ‘ ut hh FX Lo @
L 1
> CUE CUP FLX REV < 2 4 8 > IN OUT ACTIVE « (?)
2 3 4 5 6 7 8 1
CUE
‘ > 10:0.1 » AutoGrid » Grid Wo oaP_ssTORE PAN

2025-06-11 00:44:03,038 - WARNING - No TID found on attempt 3
2025-06-11 00:44:03,038 - ERROR - Failed to detect TID after all retries
2025-06-11 00:44:10,210 - INFO - Extracted text: @ = Traktor View Help

© TRAKTOR PRO tt a
Fx 1- Delay v @ Cc Cc OMs SNAP
#
DW FILTER FEEDB RATE | I ete 143
i OFF RST FRZ SPR UNK AUTO
nua Retroflect (Original Mix) ! '
% | Sell GAIN @ Hl @
eon 7 I
SYNC MASTER
a _ || ~ FLTA @ MD @
———— i . Hea
ON ipa ‘ ut hh FX Lo @
, L
> CUE CUP FLX REV < 2 4 8 > IN OUT ACTIVE « (?)
2 3 4 5 6 7 8 1
CUE
‘ > 10:0.1 » AutoGrid » Grid Wo oaP_ssTORE PAN

2025-06-11 00:44:10,211 - WARNING - No TID found on attempt 1
2025-06-11 00:44:11,397 - INFO - Extracted text: @ = Traktor View Help

© TRAKTOR PRO tt a
Fx 1- Delay v @ Cc Cc OMs SNAP
#
DW FILTER FEEDB RATE | I ete 143
i OFF RST FRZ SPR UNK AUTO
nua Retroflect (Original Mix) ! '
% | Sell GAIN @ Hl @
eon 7 I
SYNC MASTER
a _ || ~ FLTA @ MD @
———— i . Hea
ON ipa ‘ ut hh FX Lo @
, L
> CUE CUP FLX REV < 2 4 8 > IN OUT ACTIVE « (?)
2 3 4 5 6 7 8 1
CUE
‘ > 10:0.1 » AutoGrid » Grid Wo oaP_ssTORE PAN

2025-06-11 00:44:11,397 - WARNING - No TID found on attempt 2
2025-06-11 00:44:12,586 - INFO - Extracted text: @ = Traktor View Help

© TRAKTOR PRO tt a
Fx 1- Delay v @ Cc Cc OMs SNAP
#
DW FILTER FEEDB RATE | I ete 143
i OFF RST FRZ SPR UNK AUTO
nua Retroflect (Original Mix) ! '
% | Sell GAIN @ Hl @
eon 7 I
SYNC MASTER
a _ || ~ FLTA @ MD @
———— i . Hea
ON ipa ‘ ut hh FX Lo @
, L
> CUE CUP FLX REV < 2 4 8 > IN OUT ACTIVE « (?)
2 3 4 5 6 7 8 1
CUE
‘ > 10:0.1 » AutoGrid » Grid Wo oaP_ssTORE PAN

2025-06-11 00:44:12,586 - WARNING - No TID found on attempt 3
2025-06-11 00:44:12,587 - ERROR - Failed to detect TID after all retries
2025-06-11 00:44:24,760 - INFO - Extracted text: © TRAKTOR PRO ts

FX 1 D> Delay -Taveyé

ow FILTER FEEDB RATE

i OFF RST FRZ SPR
nua Retroflect (Original Mix) -05:26
 , BobSemp 05:26
S$. tw: 001 TUTU

SYNC MASTER ll

| CUE CUP FLX REV < 2 4 8 > IN

2 3 4 5 6 FA 8

< > 10:0.1 + AutoGrid ~ Grid

a)

MAP

Oo Ms
II
142.00
+0.0% A
142.00
1

OUT ACTIVE =

CUE
STORE D

QUANT

LINK

PAN

143
AUTO


2025-06-11 00:44:24,761 - WARNING - No TID found on attempt 1
2025-06-11 00:44:25,904 - INFO - Extracted text: © TRAKTOR PRO ts

FX 1 D> Delay -Taveyé

ow FILTER FEEDB RATE

i OFF RST FRZ SPR
nua Retroflect (Original Mix) -05:26
 , BobSemp 05:26
S$. tw: 001 TUTU

SYNC MASTER ll

| CUE CUP FLX REV < 2 4 8 > IN

2 3 4 5 6 FA 8

< > 10:0.1 + AutoGrid ~ Grid

a)

MAP

Oo Ms
II
142.00
+0.0% A
142.00
1

OUT ACTIVE =

CUE
STORE D

QUANT

LINK

PAN

143
AUTO


2025-06-11 00:44:25,904 - WARNING - No TID found on attempt 2
2025-06-11 00:44:27,045 - INFO - Extracted text: © TRAKTOR PRO ts

FX 1 D> Delay -Taveyé

ow FILTER FEEDB RATE

i OFF RST FRZ SPR
nua Retroflect (Original Mix) -05:26
 , BobSemp 05:26
S$. tw: 001 TUTU

SYNC MASTER ll

| CUE CUP FLX REV < 2 4 8 > IN

2 3 4 5 6 FA 8

< > 10:0.1 + AutoGrid ~ Grid

a)

MAP

Oo Ms
II
142.00
+0.0% A
142.00
1

OUT ACTIVE =

CUE
STORE D

QUANT

LINK

PAN

143
AUTO


2025-06-11 00:44:27,046 - WARNING - No TID found on attempt 3
2025-06-11 00:44:27,046 - ERROR - Failed to detect TID after all retries
2025-06-11 00:45:29,541 - INFO - Extracted text: © TRAKTOR PRO ts

FX 1 D> Delay -Taveyé

ow FILTER FEEDB RATE

i OFF RST FRZ SPR
nua Retroflect (Original Mix) -05:26
 , BobSemp 05:26
S$. tw: 001 TUTU

SYNC MASTER ll

| CUE CUP FLX REV < 2 4 8 > IN

2 3 4 5 6 FA 8

< > 10:0.1 + AutoGrid ~ Grid

a)

MAP

Oo Ms
II
142.00
+0.0% A
142.00
1

OUT ACTIVE =

CUE
STORE D

QUANT

LINK

PAN

143
AUTO


2025-06-11 00:45:29,542 - WARNING - No TID found on attempt 1
2025-06-11 00:45:30,695 - INFO - Extracted text: © TRAKTOR PRO ts

FX 1 D> Delay -Taveyé

ow FILTER FEEDB RATE

i OFF RST FRZ SPR
nua Retroflect (Original Mix) -05:26
 , BobSemp 05:26
S$. tw: 001 TUTU

SYNC MASTER ll

| CUE CUP FLX REV < 2 4 8 > IN

2 3 4 5 6 FA 8

< > 10:0.1 + AutoGrid ~ Grid

a)

MAP

Oo Ms
II
142.00
+0.0% A
142.00
1

OUT ACTIVE =

CUE
STORE D

QUANT

LINK

PAN

143
AUTO


2025-06-11 00:45:30,695 - WARNING - No TID found on attempt 2
2025-06-11 00:45:31,898 - INFO - Extracted text: © TRAKTOR PRO ts

FX 1 D> Delay -Taveyé

ow FILTER FEEDB RATE

i OFF RST FRZ SPR
nua Retroflect (Original Mix) -05:26
 , BobSemp 05:26
S$. tw: 001 TUTU

SYNC MASTER ll

| CUE CUP FLX REV < 2 4 8 > IN

2 3 4 5 6 FA 8

< > 10:0.1 + AutoGrid ~ Grid

a)

MAP

Oo Ms
II
142.00
+0.0% A
142.00
1

OUT ACTIVE =

CUE
STORE D

QUANT

LINK

PAN

143
AUTO


2025-06-11 00:45:31,899 - WARNING - No TID found on attempt 3
2025-06-11 00:45:31,899 - ERROR - Failed to detect TID after all retries
2025-06-11 00:45:47,690 - INFO - Extracted text: © TRAKTOR PRO @ HH < is

FX 1- a Delay v @ C G 0 Ms SNAP

ow FILTER FEEDB RATE | I ete 143
i OFF RST FRZ SPR LINK AUTO
nua Retroflect (Original Mix) -05:26 142.00 A ! '
= | BobSemp 05:26 +0.0% GAIN @ Hl @
$. | TID: 001 TUTU 142.00 :
i 1
SYNC MASTER Il a 1
MID @
1
Lo

> CUE CUP FLX REV < 2 4 8 > IN QUT ACTIVE “~ (?)

as 2 3 4 5 6 7 8 AOVE 1
= CUE

< > 10:0.1 ~ AutoGrid ~ Grid uw MAP = STORE GRID PAN

2025-06-11 00:45:47,691 - INFO - Found TIDs: ['001'], using most recent: 001
2025-06-11 00:45:47,692 - INFO - Successfully wrote TID: 001
2025-06-11 00:49:49,434 - INFO - Extracted text: © TRAKTOR PRO @ HH < is

FX 1- a Delay v @ C G 0 Ms SNAP

ow FILTER FEEDB RATE | I ete 143
i OFF RST FRZ SPR LINK AUTO
nua Retroflect (Original Mix) -05:26 142.00 A ! '
= | BobSemp 05:26 +0.0% GAIN @ Hl @
$. | TID: 001 TUTU 142.00 :
i 1
SYNC MASTER Il a 1
MID @
1
Lo

> CUE CUP FLX REV < 2 4 8 > IN QUT ACTIVE “~ (?)

as 2 3 4 5 6 7 8 AOVE 1
= CUE

< > 10:0.1 ~ AutoGrid ~ Grid uw MAP = STORE GRID PAN

2025-06-11 00:49:49,435 - INFO - Found TIDs: ['001'], using most recent: 001
2025-06-11 00:49:49,435 - INFO - Successfully wrote TID: 001
2025-06-11 00:50:22,372 - INFO - Extracted text: @ = Traktor View Help

© TRAKTOR PRO 1; ne
FX 1: ay . é é é OMs SNAP
¢ QUANT 143
Diw FILTER FEEDB  AATE 11 =
i OFF RST FRZ SPR LINK AUTO
LachrymaL - Horizon -04:41 143.00 A ! '
04:41 +0.0% GAIN @ Hl @
TID: 002 143.00 .
' I
SYNC MASTER ll
» FLTA @ MID @
I
a i 2 |
FX Lo @
, I
| og CUE CUP FLX REV < 2 4 8 > IN OUT ACTIVE a oO

CUE
< > 10:0.2 ~ AutoGrid MAP = STORE PAN

4
-)
2
a}

2025-06-11 00:50:22,373 - INFO - Found TIDs: ['002'], using most recent: 002
2025-06-11 00:50:22,373 - INFO - Successfully wrote TID: 002
2025-06-11 00:51:06,644 - INFO - Extracted text: © TRAKTOR PRO

@ m4 es
FX 1- Delay v @ Cc Cc OMs SNAP
~ QUANT 143
DW FILTER FEEDB RATE | ii] Lt
i OFF RST| FRZ | SPR LINK AUTO
LachrymaL - Horizon -04:41 143.00 A ! '
04:41 +0.0% GAIN @ H ©
TID: 002 143.00 .
i I
SYNC MASTER I
»~ FLTR @ MID @
I
———z—— Hea
FX Lo @

KEY @
> CUE CUP FLX REV < 2 4 8 > IN OUT ACTIVE « (?)
CUE
‘ > 10:0.2 ~ AutoGrid » Grid Wo oaP_ssTORE

2025-06-11 00:51:06,645 - INFO - Found TIDs: ['002'], using most recent: 002
2025-06-11 00:51:06,645 - INFO - Successfully wrote TID: 002
2025-06-11 00:51:19,620 - INFO - Extracted text: @ = Traktor View Help

© TRAKTOR PRO @ Hi « i
Fx 1- Delay v @ Cc Cc OMs SNAP
#
DW FILTER FEEDB RATE | I ete 143
i OFF RST FRZ SPR LINK AUTO
nua Retroflect (Original Mix) J ! '
9. Fr eal = GAIN @ H @
eon 7 I
SYNC MASTER
| - || ~ FLTA @ MD @
Ny hal a ‘ hit | ih FX lo e@
, L
> CUE CUP FLX REV a] 4 8 > IN OUT ACTIVE « (?)
2 3 4 5 6 7 8 1
CUE
‘ > 10:0.1 » AutoGrid » Grid Wo oaP_ssTORE PAN

2025-06-11 00:51:19,620 - WARNING - No TID found on attempt 1
2025-06-11 00:51:20,777 - INFO - Extracted text: @ = Traktor View Help

© TRAKTOR PRO @ Hi « i
Fx 1- Delay v @ Cc Cc OMs SNAP
#
DW FILTER FEEDB RATE | I ete 143
i OFF RST FRZ SPR LINK AUTO
nua Retroflect (Original Mix) J ! '
9. Fr eal = GAIN @ H @
eon 7 I
SYNC MASTER
| - || ~ FLTA @ MD @
Ny hal a ‘ hit | ih FX lo e@
, L
> CUE CUP FLX REV a] 4 8 > IN OUT ACTIVE « (?)
2 3 4 5 6 7 8 1
CUE
‘ > 10:0.1 » AutoGrid » Grid Wo oaP_ssTORE PAN

2025-06-11 00:51:20,778 - WARNING - No TID found on attempt 2
2025-06-11 00:51:21,944 - INFO - Extracted text: @ = Traktor View Help

© TRAKTOR PRO @ Hi « i
Fx 1- Delay v @ Cc Cc OMs SNAP
#
DW FILTER FEEDB RATE | I ete 143
i OFF RST FRZ SPR LINK AUTO
nua Retroflect (Original Mix) J ! '
9. Fr eal = GAIN @ H @
eon 7 I
SYNC MASTER
| - || ~ FLTA @ MD @
Ny hal a ‘ hit | ih FX lo e@
, L
> CUE CUP FLX REV a] 4 8 > IN OUT ACTIVE « (?)
2 3 4 5 6 7 8 1
CUE
‘ > 10:0.1 » AutoGrid » Grid Wo oaP_ssTORE PAN

2025-06-11 00:51:21,944 - WARNING - No TID found on attempt 3
2025-06-11 00:51:21,945 - ERROR - Failed to detect TID after all retries
2025-06-11 00:51:39,725 - INFO - Extracted text: © TRAKTOR PRO @ HH 4 iz

FX 1 D> Delay -Taveyé

ow FILTER FEEDB RATE

i OFF RST FRZ SPR
: m@ Retroflect (Original Mix) -05:26 142.00
= | BobSemp 05:26 +0.0%
$. | TID: 001 TUTU 142.00

SYNC MASTER ll

| og CUE CUP FLX REV 3| es 4 8 > IN OUT ACTIVE
<> 41.0:0.1 ~ AutoGrid ~ Grid omar STORE

O Ms

II

~

CUE

SNAP

QUANT

LINK

~ FLTR @

FX

PAN

143
AUTO


2025-06-11 00:51:39,726 - INFO - Found TIDs: ['001'], using most recent: 001
2025-06-11 00:51:39,726 - INFO - Successfully wrote TID: 001
